<?xml version="1.0" encoding="UTF-8" ?>
<testsuite errors="0" failures="0" hostname="DESKTOP-ILEUCHM" name="PointTest" skipped="0" tests="1" time="0.14" timestamp="2022-04-20T13:36:50">
  <properties>
    <property name="java.vendor" value="Oracle Corporation" />
    <property name="sun.java.launcher" value="SUN_STANDARD" />
    <property name="ant.file.type.webapp" value="file" />
    <property name="sun.management.compiler" value="HotSpot 64-Bit Tiered Compilers" />
    <property name="os.name" value="Windows 10" />
    <property name="sun.boot.class.path" value="C:\Program Files\Java\jdk1.8.0_291\jre\lib\resources.jar;C:\Program Files\Java\jdk1.8.0_291\jre\lib\rt.jar;C:\Program Files\Java\jdk1.8.0_291\jre\lib\sunrsasign.jar;C:\Program Files\Java\jdk1.8.0_291\jre\lib\jsse.jar;C:\Program Files\Java\jdk1.8.0_291\jre\lib\jce.jar;C:\Program Files\Java\jdk1.8.0_291\jre\lib\charsets.jar;C:\Program Files\Java\jdk1.8.0_291\jre\lib\jfr.jar;C:\Program Files\Java\jdk1.8.0_291\jre\classes" />
    <property name="sun.desktop" value="windows" />
    <property name="java.vm.specification.vendor" value="Oracle Corporation" />
    <property name="ant.home" value="C:\Program Files\JetBrains\IntelliJ IDEA 2021.1.3\lib\ant" />
    <property name="java.runtime.version" value="1.8.0_291-b10" />
    <property name="user.name" value="lexst" />
    <property name="file.jar" value="./target/webapp.jar" />
    <property name="user.language" value="ru" />
    <property name="sun.boot.library.path" value="C:\Program Files\Java\jdk1.8.0_291\jre\bin" />
    <property name="ant.project.default-target" value="build" />
    <property name="ant.project.name" value="webapp" />
    <property name="java.version" value="1.8.0_291" />
    <property name="user.timezone" value="" />
    <property name="sun.arch.data.model" value="64" />
    <property name="java.endorsed.dirs" value="C:\Program Files\Java\jdk1.8.0_291\jre\lib\endorsed" />
    <property name="sun.cpu.isalist" value="amd64" />
    <property name="sun.jnu.encoding" value="Cp1251" />
    <property name="file.encoding.pkg" value="sun.io" />
    <property name="file.separator" value="\" />
    <property name="java.specification.name" value="Java Platform API Specification" />
    <property name="java.class.version" value="52.0" />
    <property name="src" value="./src/main" />
    <property name="user.country" value="RU" />
    <property name="java.home" value="C:\Program Files\Java\jdk1.8.0_291\jre" />
    <property name="java.vm.info" value="mixed mode" />
    <property name="ant.file" value="C:\Data\Labs\MISPI\Lab3\build.xml" />
    <property name="os.version" value="10.0" />
    <property name="path.separator" value=";" />
    <property name="java.vm.version" value="25.291-b10" />
    <property name="user.variant" value="" />
    <property name="ant.library.dir" value="C:\Program Files\JetBrains\IntelliJ IDEA 2021.1.3\lib\ant\lib" />
    <property name="java.awt.printerjob" value="sun.awt.windows.WPrinterJob" />
    <property name="sun.io.unicode.encoding" value="UnicodeLittle" />
    <property name="awt.toolkit" value="sun.awt.windows.WToolkit" />
    <property name="user.script" value="" />
    <property name="user.home" value="C:\Users\lexst" />
    <property name="target" value="./target" />
    <property name="java.specification.vendor" value="Oracle Corporation" />
    <property name="test" value="./src/test" />
    <property name="java.library.path" value="C:\Program Files\Java\jdk1.8.0_291\jre\bin;C:\Windows\Sun\Java\bin;C:\Windows\system32;C:\Windows;C:\programs\python310\Scripts\;C:\programs\python310\;C:\programs\python39\Scripts\;C:\programs\python39\;C:\Program Files (x86)\Common Files\Oracle\Java\javapath;C:\Windows\system32;C:\Windows;C:\Windows\System32\Wbem;C:\Windows\System32\WindowsPowerShell\v1.0\;C:\Windows\System32\OpenSSH\;C:\Program Files\Insta360 Studio 2021;C:\Program Files (x86)\NVIDIA Corporation\PhysX\Common;C:\Program Files\NVIDIA Corporation\NVIDIA NvDLISR;C:\Program Files\Java\jdk1.8.0_291;C:\programs\PuTTy\;C:\programs\WinSCP\;C:\programs\Git\cmd;C:\programs\Git\mingw64\bin;C:\programs\Git\usr\bin;C:\programs\ant\apache-ant-1.9.16\bin;C:\Users\lexst\AppData\Local\Microsoft\WindowsApps;C:\Program Files\Java\jdk1.8.0_291;C:\Program Files\JetBrains\IntelliJ IDEA 2021.1.3\bin;;C:\programs\Maven\apache-maven-3.8.2\\bin;C:\programs\CLion 2021.3.1\bin;;C:\programs\Microsoft VS Code\bin;C:\programs\ant\apache-ant-1.9.16\bin;;." />
    <property name="java.vendor.url" value="http://java.oracle.com/" />
    <property name="java.vm.vendor" value="Oracle Corporation" />
    <property name="java.runtime.name" value="Java(TM) SE Runtime Environment" />
    <property name="sun.java.command" value="org.apache.tools.ant.taskdefs.optional.junit.JUnitTestRunner PointTest skipNonTests=false filtertrace=true haltOnError=false haltOnFailure=false formatter=org.apache.tools.ant.taskdefs.optional.junit.SummaryJUnitResultFormatter showoutput=false outputtoformatters=true logfailedtests=true threadid=0 logtestlistenerevents=false formatter=org.apache.tools.ant.taskdefs.optional.junit.XMLJUnitResultFormatter,C:\Data\Labs\MISPI\Lab3\reports\TEST-PointTest.xml crashfile=C:\Data\Labs\MISPI\Lab3\junitvmwatcher8453276162640311421.properties propsfile=C:\Data\Labs\MISPI\Lab3\junit5737428406008663614.properties" />
    <property name="java.class.path" value="C:\Data\Labs\MISPI\Lab3\target\classes;C:\Data\Labs\MISPI\Lab3\target\tests;C:\Program Files\Java\jdk1.8.0_291\jre\lib\ext\junit-4.13.2.jar;C:\Program Files\JetBrains\IntelliJ IDEA 2021.1.3\lib\ant\lib\ant-launcher.jar;C:\Program Files\JetBrains\IntelliJ IDEA 2021.1.3\lib\ant\lib\ant.jar;C:\Program Files\JetBrains\IntelliJ IDEA 2021.1.3\lib\ant\lib\ant-junit.jar;C:\Program Files\JetBrains\IntelliJ IDEA 2021.1.3\lib\ant\lib\ant-junit4.jar" />
    <property name="ant.version" value="Apache Ant(TM) version 1.10.5 compiled on July 10 2018" />
    <property name="java.vm.specification.name" value="Java Virtual Machine Specification" />
    <property name="ant.file.type" value="file" />
    <property name="java.vm.specification.version" value="1.8" />
    <property name="ant.file.webapp" value="C:\Data\Labs\MISPI\Lab3\build.xml" />
    <property name="sun.cpu.endian" value="little" />
    <property name="sun.os.patch.level" value="" />
    <property name="tests" value="./src/test" />
    <property name="java.io.tmpdir" value="C:\Users\lexst\AppData\Local\Temp\" />
    <property name="java.vendor.url.bug" value="http://bugreport.sun.com/bugreport/" />
    <property name="os.arch" value="amd64" />
    <property name="java.awt.graphicsenv" value="sun.awt.Win32GraphicsEnvironment" />
    <property name="java.ext.dirs" value="C:\Program Files\Java\jdk1.8.0_291\jre\lib\ext;C:\Windows\Sun\Java\lib\ext" />
    <property name="user.dir" value="C:\Data\Labs\MISPI\Lab3" />
    <property name="line.separator" value="&#xd;&#xa;" />
    <property name="java.vm.name" value="Java HotSpot(TM) 64-Bit Server VM" />
    <property name="basedir" value="C:\Data\Labs\MISPI\Lab3" />
    <property name="ant.java.version" value="1.8" />
    <property name="ant.core.lib" value="C:\Program Files\JetBrains\IntelliJ IDEA 2021.1.3\lib\ant\lib\ant.jar" />
    <property name="file.encoding" value="Cp1251" />
    <property name="java.specification.version" value="1.8" />
    <property name="ant.project.invoked-targets" value="report" />
  </properties>
  <testcase classname="PointTest" name="testHello" time="0.006" />
  <system-out><![CDATA[]]></system-out>
  <system-err><![CDATA[]]></system-err>
</testsuite>
